{"E:\\Refactory UG\\Bootcamp\\CI-CD\\ci-cd-cricle\\models\\marks.js": {"path":"E:\\Refactory UG\\Bootcamp\\CI-CD\\ci-cd-cricle\\models\\marks.js","statementMap":{"0":{"start":{"line":3,"column":8},"end":{"line":3,"column":28}},"1":{"start":{"line":4,"column":8},"end":{"line":4,"column":28}},"2":{"start":{"line":5,"column":8},"end":{"line":5,"column":24}},"3":{"start":{"line":9,"column":20},"end":{"line":9,"column":24}},"4":{"start":{"line":10,"column":8},"end":{"line":32,"column":9}},"5":{"start":{"line":11,"column":12},"end":{"line":11,"column":62}},"6":{"start":{"line":12,"column":12},"end":{"line":12,"column":23}},"7":{"start":{"line":13,"column":14},"end":{"line":32,"column":9}},"8":{"start":{"line":14,"column":12},"end":{"line":14,"column":62}},"9":{"start":{"line":15,"column":12},"end":{"line":15,"column":23}},"10":{"start":{"line":17,"column":13},"end":{"line":32,"column":9}},"11":{"start":{"line":18,"column":12},"end":{"line":18,"column":62}},"12":{"start":{"line":19,"column":12},"end":{"line":19,"column":23}},"13":{"start":{"line":21,"column":13},"end":{"line":32,"column":9}},"14":{"start":{"line":22,"column":12},"end":{"line":22,"column":62}},"15":{"start":{"line":23,"column":12},"end":{"line":23,"column":23}},"16":{"start":{"line":25,"column":13},"end":{"line":32,"column":9}},"17":{"start":{"line":26,"column":12},"end":{"line":26,"column":62}},"18":{"start":{"line":27,"column":12},"end":{"line":27,"column":23}},"19":{"start":{"line":29,"column":13},"end":{"line":32,"column":9}},"20":{"start":{"line":30,"column":12},"end":{"line":30,"column":62}},"21":{"start":{"line":31,"column":12},"end":{"line":31,"column":23}},"22":{"start":{"line":34,"column":8},"end":{"line":34,"column":20}},"23":{"start":{"line":39,"column":18},"end":{"line":39,"column":22}},"24":{"start":{"line":41,"column":8},"end":{"line":44,"column":9}},"25":{"start":{"line":42,"column":12},"end":{"line":42,"column":23}},"26":{"start":{"line":43,"column":12},"end":{"line":43,"column":47}},"27":{"start":{"line":45,"column":8},"end":{"line":48,"column":9}},"28":{"start":{"line":46,"column":12},"end":{"line":46,"column":23}},"29":{"start":{"line":47,"column":12},"end":{"line":47,"column":49}},"30":{"start":{"line":49,"column":8},"end":{"line":52,"column":9}},"31":{"start":{"line":50,"column":12},"end":{"line":50,"column":23}},"32":{"start":{"line":51,"column":12},"end":{"line":51,"column":59}},"33":{"start":{"line":53,"column":8},"end":{"line":56,"column":9}},"34":{"start":{"line":54,"column":12},"end":{"line":54,"column":23}},"35":{"start":{"line":55,"column":12},"end":{"line":55,"column":55}},"36":{"start":{"line":58,"column":8},"end":{"line":58,"column":20}},"37":{"start":{"line":62,"column":0},"end":{"line":62,"column":21}}},"fnMap":{"0":{"name":"(anonymous_0)","decl":{"start":{"line":2,"column":4},"end":{"line":2,"column":5}},"loc":{"start":{"line":2,"column":38},"end":{"line":7,"column":5}},"line":2},"1":{"name":"(anonymous_1)","decl":{"start":{"line":8,"column":4},"end":{"line":8,"column":5}},"loc":{"start":{"line":8,"column":19},"end":{"line":35,"column":5}},"line":8},"2":{"name":"(anonymous_2)","decl":{"start":{"line":37,"column":4},"end":{"line":37,"column":5}},"loc":{"start":{"line":37,"column":16},"end":{"line":59,"column":5}},"line":37}},"branchMap":{"0":{"loc":{"start":{"line":10,"column":8},"end":{"line":32,"column":9}},"type":"if","locations":[{"start":{"line":10,"column":8},"end":{"line":32,"column":9}},{"start":{"line":10,"column":8},"end":{"line":32,"column":9}}],"line":10},"1":{"loc":{"start":{"line":13,"column":14},"end":{"line":32,"column":9}},"type":"if","locations":[{"start":{"line":13,"column":14},"end":{"line":32,"column":9}},{"start":{"line":13,"column":14},"end":{"line":32,"column":9}}],"line":13},"2":{"loc":{"start":{"line":13,"column":17},"end":{"line":13,"column":46}},"type":"binary-expr","locations":[{"start":{"line":13,"column":17},"end":{"line":13,"column":31}},{"start":{"line":13,"column":33},"end":{"line":13,"column":46}}],"line":13},"3":{"loc":{"start":{"line":17,"column":13},"end":{"line":32,"column":9}},"type":"if","locations":[{"start":{"line":17,"column":13},"end":{"line":32,"column":9}},{"start":{"line":17,"column":13},"end":{"line":32,"column":9}}],"line":17},"4":{"loc":{"start":{"line":17,"column":16},"end":{"line":17,"column":45}},"type":"binary-expr","locations":[{"start":{"line":17,"column":16},"end":{"line":17,"column":30}},{"start":{"line":17,"column":32},"end":{"line":17,"column":45}}],"line":17},"5":{"loc":{"start":{"line":21,"column":13},"end":{"line":32,"column":9}},"type":"if","locations":[{"start":{"line":21,"column":13},"end":{"line":32,"column":9}},{"start":{"line":21,"column":13},"end":{"line":32,"column":9}}],"line":21},"6":{"loc":{"start":{"line":21,"column":16},"end":{"line":21,"column":45}},"type":"binary-expr","locations":[{"start":{"line":21,"column":16},"end":{"line":21,"column":30}},{"start":{"line":21,"column":32},"end":{"line":21,"column":45}}],"line":21},"7":{"loc":{"start":{"line":25,"column":13},"end":{"line":32,"column":9}},"type":"if","locations":[{"start":{"line":25,"column":13},"end":{"line":32,"column":9}},{"start":{"line":25,"column":13},"end":{"line":32,"column":9}}],"line":25},"8":{"loc":{"start":{"line":25,"column":16},"end":{"line":25,"column":45}},"type":"binary-expr","locations":[{"start":{"line":25,"column":16},"end":{"line":25,"column":30}},{"start":{"line":25,"column":32},"end":{"line":25,"column":45}}],"line":25},"9":{"loc":{"start":{"line":29,"column":13},"end":{"line":32,"column":9}},"type":"if","locations":[{"start":{"line":29,"column":13},"end":{"line":32,"column":9}},{"start":{"line":29,"column":13},"end":{"line":32,"column":9}}],"line":29},"10":{"loc":{"start":{"line":29,"column":16},"end":{"line":29,"column":44}},"type":"binary-expr","locations":[{"start":{"line":29,"column":16},"end":{"line":29,"column":28}},{"start":{"line":29,"column":31},"end":{"line":29,"column":44}}],"line":29},"11":{"loc":{"start":{"line":41,"column":8},"end":{"line":44,"column":9}},"type":"if","locations":[{"start":{"line":41,"column":8},"end":{"line":44,"column":9}},{"start":{"line":41,"column":8},"end":{"line":44,"column":9}}],"line":41},"12":{"loc":{"start":{"line":45,"column":8},"end":{"line":48,"column":9}},"type":"if","locations":[{"start":{"line":45,"column":8},"end":{"line":48,"column":9}},{"start":{"line":45,"column":8},"end":{"line":48,"column":9}}],"line":45},"13":{"loc":{"start":{"line":49,"column":8},"end":{"line":52,"column":9}},"type":"if","locations":[{"start":{"line":49,"column":8},"end":{"line":52,"column":9}},{"start":{"line":49,"column":8},"end":{"line":52,"column":9}}],"line":49},"14":{"loc":{"start":{"line":53,"column":8},"end":{"line":56,"column":9}},"type":"if","locations":[{"start":{"line":53,"column":8},"end":{"line":56,"column":9}},{"start":{"line":53,"column":8},"end":{"line":56,"column":9}}],"line":53}},"s":{"0":4,"1":4,"2":4,"3":0,"4":0,"5":0,"6":0,"7":0,"8":0,"9":0,"10":0,"11":0,"12":0,"13":0,"14":0,"15":0,"16":0,"17":0,"18":0,"19":0,"20":0,"21":0,"22":0,"23":4,"24":4,"25":0,"26":0,"27":4,"28":1,"29":1,"30":4,"31":1,"32":1,"33":4,"34":1,"35":1,"36":4,"37":1},"f":{"0":4,"1":0,"2":4},"b":{"0":[0,0],"1":[0,0],"2":[0,0],"3":[0,0],"4":[0,0],"5":[0,0],"6":[0,0],"7":[0,0],"8":[0,0],"9":[0,0],"10":[0,0],"11":[0,4],"12":[1,3],"13":[1,3],"14":[1,3]},"_coverageSchema":"1a1c01bbd47fc00a2c39e90264f33305004495a9","hash":"5abccc832ff74cc22c5bde174c4967cdbeb03209"}
,"E:\\Refactory UG\\Bootcamp\\CI-CD\\ci-cd-cricle\\models\\student.js": {"path":"E:\\Refactory UG\\Bootcamp\\CI-CD\\ci-cd-cricle\\models\\student.js","statementMap":{"0":{"start":{"line":3,"column":8},"end":{"line":3,"column":32}},"1":{"start":{"line":4,"column":8},"end":{"line":4,"column":34}},"2":{"start":{"line":5,"column":8},"end":{"line":5,"column":26}},"3":{"start":{"line":6,"column":8},"end":{"line":6,"column":20}},"4":{"start":{"line":12,"column":0},"end":{"line":12,"column":25}}},"fnMap":{"0":{"name":"(anonymous_0)","decl":{"start":{"line":2,"column":4},"end":{"line":2,"column":5}},"loc":{"start":{"line":2,"column":48},"end":{"line":8,"column":5}},"line":2}},"branchMap":{},"s":{"0":0,"1":0,"2":0,"3":0,"4":1},"f":{"0":0},"b":{},"_coverageSchema":"1a1c01bbd47fc00a2c39e90264f33305004495a9","hash":"9ae65e7216f3d692a977b032fad59fe99fe4c188"}
}
