TN:
SF:models\marks.js
FN:2,(anonymous_0)
FN:8,(anonymous_1)
FN:37,(anonymous_2)
FNF:3
FNH:2
FNDA:4,(anonymous_0)
FNDA:0,(anonymous_1)
FNDA:4,(anonymous_2)
DA:3,4
DA:4,4
DA:5,4
DA:9,0
DA:10,0
DA:11,0
DA:12,0
DA:13,0
DA:14,0
DA:15,0
DA:17,0
DA:18,0
DA:19,0
DA:21,0
DA:22,0
DA:23,0
DA:25,0
DA:26,0
DA:27,0
DA:29,0
DA:30,0
DA:31,0
DA:34,0
DA:39,4
DA:41,4
DA:42,0
DA:43,0
DA:45,4
DA:46,1
DA:47,1
DA:49,4
DA:50,1
DA:51,1
DA:53,4
DA:54,1
DA:55,1
DA:58,4
DA:62,1
LF:38
LH:16
BRDA:10,0,0,0
BRDA:10,0,1,0
BRDA:13,1,0,0
BRDA:13,1,1,0
BRDA:13,2,0,0
BRDA:13,2,1,0
BRDA:17,3,0,0
BRDA:17,3,1,0
BRDA:17,4,0,0
BRDA:17,4,1,0
BRDA:21,5,0,0
BRDA:21,5,1,0
BRDA:21,6,0,0
BRDA:21,6,1,0
BRDA:25,7,0,0
BRDA:25,7,1,0
BRDA:25,8,0,0
BRDA:25,8,1,0
BRDA:29,9,0,0
BRDA:29,9,1,0
BRDA:29,10,0,0
BRDA:29,10,1,0
BRDA:41,11,0,0
BRDA:41,11,1,4
BRDA:45,12,0,1
BRDA:45,12,1,3
BRDA:49,13,0,1
BRDA:49,13,1,3
BRDA:53,14,0,1
BRDA:53,14,1,3
BRF:30
BRH:7
end_of_record
TN:
SF:models\student.js
FN:2,(anonymous_0)
FNF:1
FNH:0
FNDA:0,(anonymous_0)
DA:3,0
DA:4,0
DA:5,0
DA:6,0
DA:12,1
LF:5
LH:1
BRF:0
BRH:0
end_of_record
